<?xml version="1.0" encoding="utf-8"?>
<TestRun id="46854302-82ac-4991-9ac6-746a569133c5" name="Yaroslav@DESKTOP-A038BOA 2025-01-03 18:30:41" runUser="DESKTOP-A038BOA\Yaroslav" xmlns="http://microsoft.com/schemas/VisualStudio/TeamTest/2010">
  <Times creation="2025-01-03T18:30:41.3050729+02:00" queuing="2025-01-03T18:30:41.3050731+02:00" start="2025-01-03T18:30:38.5579917+02:00" finish="2025-01-03T18:30:41.3089360+02:00" />
  <TestSettings name="default" id="3f95224e-a328-42dc-999a-fcd2d33d61ab">
    <Deployment runDeploymentRoot="Yaroslav_DESKTOP-A038BOA_2025-01-03_18_30_41" />
  </TestSettings>
  <Results>
    <UnitTestResult executionId="bf186280-34e7-4752-b663-b843206eb724" testId="c61895a1-b7f0-cfeb-3c62-35a0bfd6e8b2" testName="SendRequestForAIMove_ShouldInvokeMethodWrite" computerName="DESKTOP-A038BOA" duration="00:00:01.6496910" startTime="2025-01-03T18:30:39.4538975+02:00" endTime="2025-01-03T18:30:41.1141509+02:00" testType="13cdc9d9-ddb5-4fa4-a97d-d965ccfc6d4b" outcome="Passed" testListId="8c84fa94-04c1-424b-9868-57a2d4851a1d" relativeResultsDirectory="bf186280-34e7-4752-b663-b843206eb724" />
  </Results>
  <TestDefinitions>
    <UnitTest name="SendRequestForAIMove_ShouldInvokeMethodWrite" storage="d:\subjects\7 semester\csad\new folder\csad2425ki405hryn05\lab3-5\client\client.domain.server.tests\bin\debug\net8.0-windows\client.domain.server.tests.dll" id="c61895a1-b7f0-cfeb-3c62-35a0bfd6e8b2">
      <Execution id="bf186280-34e7-4752-b663-b843206eb724" />
      <TestMethod codeBase="D:\Subjects\7 semester\CSAD\New folder\csad2425ki405Hryn05\Lab3-5\Client\Client.Domain.Server.Tests\bin\Debug\net8.0-windows\Client.Domain.Server.Tests.dll" adapterTypeName="executor://mstestadapter/v2" className="Client.Domain.Server.Tests.GameServiceServerTests" name="SendRequestForAIMove_ShouldInvokeMethodWrite" />
    </UnitTest>
  </TestDefinitions>
  <TestEntries>
    <TestEntry testId="c61895a1-b7f0-cfeb-3c62-35a0bfd6e8b2" executionId="bf186280-34e7-4752-b663-b843206eb724" testListId="8c84fa94-04c1-424b-9868-57a2d4851a1d" />
  </TestEntries>
  <TestLists>
    <TestList name="Results Not in a List" id="8c84fa94-04c1-424b-9868-57a2d4851a1d" />
    <TestList name="All Loaded Results" id="19431567-8539-422a-85d7-44ee4e166bda" />
  </TestLists>
  <ResultSummary outcome="Completed">
    <Counters total="1" executed="1" passed="1" failed="0" error="0" timeout="0" aborted="0" inconclusive="0" passedButRunAborted="0" notRunnable="0" notExecuted="0" disconnected="0" warning="0" completed="0" inProgress="0" pending="0" />
    <CollectorDataEntries>
      <Collector agentName="DESKTOP-A038BOA" uri="datacollector://microsoft/CoverletCodeCoverage/1.0" collectorDisplayName="XPlat code coverage">
        <UriAttachments>
          <UriAttachment>
            <A href="DESKTOP-A038BOA\coverage.cobertura.xml"></A>
          </UriAttachment>
        </UriAttachments>
      </Collector>
    </CollectorDataEntries>
  </ResultSummary>
</TestRun>